1608693037262	geckodriver	INFO	Listening on 127.0.0.1:55215
1608693040269	mozrunner::runner	INFO	Running command: "C:\\Program Files\\Mozilla Firefox\\firefox.exe" "--marionette" "-foreground" "-no-remote" "-profile" "C:\\Users\\andre\\AppData\\Local\\Temp\\rust_mozprofilep0quXP"
Can't find symbol 'eglSwapBuffersWithDamageEXT'.
Can't find symbol 'eglSetDamageRegionKHR'.
JavaScript error: resource://gre/modules/XULStore.jsm, line 66: Error: Can't find profile directory.
console.warn: SearchSettings: "get: No settings file exists, new profile?" (new Error("", "(unknown module)"))
1608693045773	Marionette	INFO	Listening on port 55224
1608693045861	Marionette	WARN	TLS certificate errors will be ignored for this session
JavaScript warning: https://duckduckgo.com/d2891.js, line 1: unreachable code after return statement
JavaScript warning: https://duckduckgo.com/d2891.js, line 1: unreachable code after return statement
JavaScript warning: https://duckduckgo.com/d2891.js, line 1: unreachable code after return statement
JavaScript warning: https://duckduckgo.com/d2891.js, line 1: unreachable code after return statement
JavaScript warning: https://duckduckgo.com/d2891.js, line 1: unreachable code after return statement
JavaScript warning: https://duckduckgo.com/d2891.js, line 1: unreachable code after return statement
1608693047181	Marionette	INFO	Stopped listening on port 55224

###!!! [Child][RunMessage] Error: Channel closing: too late to send/recv, messages will be lost


###!!! [Child][RunMessage] Error: Channel closing: too late to send/recv, messages will be lost


###!!! [Child][RunMessage] Error: Channel closing: too late to send/recv, messages will be lost


###!!! [Child][RunMessage] Error: Channel closing: too late to send/recv, messages will be lost


###!!! [Child][MessageChannel::SendAndWait] Error: Channel error: cannot send/recv

1608693058569	geckodriver	INFO	Listening on 127.0.0.1:55274
1608693061571	mozrunner::runner	INFO	Running command: "C:\\Program Files\\Mozilla Firefox\\firefox.exe" "--marionette" "-foreground" "-no-remote" "-profile" "C:\\Users\\andre\\AppData\\Local\\Temp\\rust_mozprofiletpDUge"
Can't find symbol 'eglSwapBuffersWithDamageEXT'.
Can't find symbol 'eglSetDamageRegionKHR'.
JavaScript error: resource://gre/modules/XULStore.jsm, line 66: Error: Can't find profile directory.
console.warn: SearchSettings: "get: No settings file exists, new profile?" (new Error("", "(unknown module)"))
1608693066134	Marionette	INFO	Listening on port 55284
1608693066520	Marionette	WARN	TLS certificate errors will be ignored for this session
JavaScript warning: https://duckduckgo.com/d2891.js, line 1: unreachable code after return statement
JavaScript warning: https://duckduckgo.com/d2891.js, line 1: unreachable code after return statement
JavaScript warning: https://duckduckgo.com/d2891.js, line 1: unreachable code after return statement
JavaScript warning: https://duckduckgo.com/d2891.js, line 1: unreachable code after return statement
JavaScript warning: https://duckduckgo.com/d2891.js, line 1: unreachable code after return statement
JavaScript warning: https://duckduckgo.com/d2891.js, line 1: unreachable code after return statement
1608693068213	Marionette	INFO	Stopped listening on port 55284

###!!! [Child][RunMessage] Error: Channel closing: too late to send/recv, messages will be lost


###!!! [Child][MessageChannel::SendAndWait] Error: Channel error: cannot send/recv

1608693396574	geckodriver	INFO	Listening on 127.0.0.1:55514
1608693399582	mozrunner::runner	INFO	Running command: "C:\\Program Files\\Mozilla Firefox\\firefox.exe" "--marionette" "-foreground" "-no-remote" "-profile" "C:\\Users\\andre\\AppData\\Local\\Temp\\rust_mozprofilet7zpEa"
Can't find symbol 'eglSwapBuffersWithDamageEXT'.
Can't find symbol 'eglSetDamageRegionKHR'.
JavaScript error: resource://gre/modules/XULStore.jsm, line 66: Error: Can't find profile directory.
console.warn: SearchSettings: "get: No settings file exists, new profile?" (new Error("", "(unknown module)"))
1608693402976	Marionette	INFO	Listening on port 55523
1608693403221	Marionette	WARN	TLS certificate errors will be ignored for this session
JavaScript warning: https://duckduckgo.com/d2891.js, line 1: unreachable code after return statement
JavaScript warning: https://duckduckgo.com/d2891.js, line 1: unreachable code after return statement
JavaScript warning: https://duckduckgo.com/d2891.js, line 1: unreachable code after return statement
JavaScript warning: https://duckduckgo.com/d2891.js, line 1: unreachable code after return statement
JavaScript warning: https://duckduckgo.com/d2891.js, line 1: unreachable code after return statement
JavaScript warning: https://duckduckgo.com/d2891.js, line 1: unreachable code after return statement
JavaScript warning: https://duckduckgo.com/d2891.js, line 1: unreachable code after return statement
1608693405758	Marionette	INFO	Stopped listening on port 55523

###!!! [Child][RunMessage] Error: Channel closing: too late to send/recv, messages will be lost


###!!! [Child][MessageChannel::SendAndWait] Error: Channel error: cannot send/recv

